app/build/outputs/logs/manifest-merger-debug-report.txt
-- Merging decision tree log ---
manifest
<<<<<<< HEAD
ADDED from Group6_BlueMobQuiz\app\AndroidManifest.xml:2:1-60:12
INJECTED from Group6_BlueMobQuiz\app\AndroidManifest.xml:2:1-60:12
INJECTED from Group6_BlueMobQuiz\app\AndroidManifest.xml:2:1-60:12
MERGED from [:libs:SmartSync] AndroidManifest.xml:2:1-13:12
MERGED from [:libs:SmartStore] AndroidManifest.xml:2:1-17:12
MERGED from [:libs:SalesforceSDK] AndroidManifest.xml:2:1-117:12
MERGED from [:libs:SalesforceAnalytics] AndroidManifest.xml:2:1-16:12
MERGED from [com.android.support:appcompat-v7:26.0.0-alpha1] AndroidManifest.xml:17:1-31:12
MERGED from [com.android.support.constraint:constraint-layout:1.0.2] AndroidManifest.xml:2:1-11:12
MERGED from [com.android.support:animated-vector-drawable:26.0.0-alpha1] AndroidManifest.xml:17:1-28:12
MERGED from [com.android.support:support-vector-drawable:26.0.0-alpha1] AndroidManifest.xml:17:1-28:12
MERGED from [com.google.android.gms:play-services-gcm:10.2.0] AndroidManifest.xml:16:1-24:12
MERGED from [com.google.android.gms:play-services-iid:10.2.0] AndroidManifest.xml:16:1-24:12
MERGED from [com.google.android.gms:play-services-base:10.2.0] AndroidManifest.xml:16:1-21:12
MERGED from [com.google.android.gms:play-services-tasks:10.2.0] AndroidManifest.xml:2:1-5:12
MERGED from [com.google.android.gms:play-services-basement:10.2.0] AndroidManifest.xml:16:1-23:12
MERGED from [com.android.support:support-v4:26.0.0-alpha1] AndroidManifest.xml:17:1-31:12
MERGED from [com.android.support:support-media-compat:26.0.0-alpha1] AndroidManifest.xml:17:1-31:12
MERGED from [com.android.support:support-fragment:26.0.0-alpha1] AndroidManifest.xml:17:1-31:12
MERGED from [com.android.support:support-core-utils:26.0.0-alpha1] AndroidManifest.xml:17:1-31:12
MERGED from [com.android.support:support-core-ui:26.0.0-alpha1] AndroidManifest.xml:17:1-31:12
MERGED from [com.android.support:support-compat:26.0.0-alpha1] AndroidManifest.xml:17:1-31:12
MERGED from [net.zetetic:android-database-sqlcipher:3.5.7] AndroidManifest.xml:2:1-4:12
INJECTED from Group6_BlueMobQuiz\app\AndroidManifest.xml:2:1-60:12
INJECTED from Group6_BlueMobQuiz\app\AndroidManifest.xml:2:1-60:12
=======
ADDED from BlueMobQuiz\app\AndroidManifest.xml:2:1-60:12
INJECTED from BlueMobQuiz\app\AndroidManifest.xml:2:1-60:12
INJECTED from BlueMobQuiz\app\AndroidManifest.xml:2:1-60:12
MERGED from [:libs:SmartSync] AndroidManifest.xml:2:1-13:12
MERGED from [com.android.support:appcompat-v7:26.0.0-alpha1] AndroidManifest.xml:17:1-31:12
MERGED from [com.android.support.constraint:constraint-layout:1.0.2] AndroidManifest.xml:2:1-11:12
MERGED from [:libs:SmartStore] AndroidManifest.xml:2:1-17:12
MERGED from [com.android.support:animated-vector-drawable:26.0.0-alpha1] AndroidManifest.xml:17:1-28:12
MERGED from [com.android.support:support-vector-drawable:26.0.0-alpha1] AndroidManifest.xml:17:1-28:12
MERGED from [:libs:SalesforceSDK] AndroidManifest.xml:2:1-117:12
MERGED from [com.google.android.gms:play-services-gcm:10.2.0] AndroidManifest.xml:16:1-24:12
MERGED from [com.google.android.gms:play-services-iid:10.2.0] AndroidManifest.xml:16:1-24:12
MERGED from [com.google.android.gms:play-services-base:10.2.0] AndroidManifest.xml:16:1-21:12
MERGED from [com.google.android.gms:play-services-tasks:10.2.0] AndroidManifest.xml:2:1-5:12
MERGED from [com.google.android.gms:play-services-basement:10.2.0] AndroidManifest.xml:16:1-23:12
MERGED from [com.android.support:support-v4:26.0.0-alpha1] AndroidManifest.xml:17:1-31:12
MERGED from [com.android.support:support-media-compat:26.0.0-alpha1] AndroidManifest.xml:17:1-31:12
MERGED from [com.android.support:support-fragment:26.0.0-alpha1] AndroidManifest.xml:17:1-31:12
MERGED from [com.android.support:support-core-utils:26.0.0-alpha1] AndroidManifest.xml:17:1-31:12
MERGED from [com.android.support:support-core-ui:26.0.0-alpha1] AndroidManifest.xml:17:1-31:12
MERGED from [com.android.support:support-compat:26.0.0-alpha1] AndroidManifest.xml:17:1-31:12
MERGED from [net.zetetic:android-database-sqlcipher:3.5.7] AndroidManifest.xml:2:1-4:12
MERGED from [:libs:SalesforceAnalytics] AndroidManifest.xml:2:1-16:12
INJECTED from BlueMobQuiz\app\AndroidManifest.xml:2:1-60:12
INJECTED from BlueMobQuiz\app\AndroidManifest.xml:2:1-60:12
>>>>>>> 4e8245bc4d87f4f6716669a23a8b9e17ba9a9b20
	package
		ADDED from Group6_BlueMobQuiz\app\AndroidManifest.xml:3:5-38
	android:versionName
		ADDED from Group6_BlueMobQuiz\app\AndroidManifest.xml:6:5-30
		INJECTED from Group6_BlueMobQuiz\app\AndroidManifest.xml
		INJECTED from Group6_BlueMobQuiz\app\AndroidManifest.xml
	xmlns:android
		ADDED from Group6_BlueMobQuiz\app\AndroidManifest.xml:2:11-69
	android:versionCode
		ADDED from Group6_BlueMobQuiz\app\AndroidManifest.xml:5:5-28
		INJECTED from Group6_BlueMobQuiz\app\AndroidManifest.xml
		INJECTED from Group6_BlueMobQuiz\app\AndroidManifest.xml
	android:installLocation
		ADDED from Group6_BlueMobQuiz\app\AndroidManifest.xml:4:5-43
uses-sdk
ADDED from Group6_BlueMobQuiz\app\AndroidManifest.xml:8:5-10:41
MERGED from [:libs:SmartSync] AndroidManifest.xml:7:5-9:41
MERGED from [:libs:SmartSync] AndroidManifest.xml:7:5-9:41
MERGED from [:libs:SmartStore] AndroidManifest.xml:7:5-9:41
MERGED from [:libs:SmartStore] AndroidManifest.xml:7:5-9:41
MERGED from [:libs:SalesforceSDK] AndroidManifest.xml:7:5-9:41
MERGED from [:libs:SalesforceSDK] AndroidManifest.xml:7:5-9:41
MERGED from [:libs:SalesforceAnalytics] AndroidManifest.xml:7:5-9:41
MERGED from [:libs:SalesforceAnalytics] AndroidManifest.xml:7:5-9:41
MERGED from [com.android.support:appcompat-v7:26.0.0-alpha1] AndroidManifest.xml:21:5-23:78
MERGED from [com.android.support:appcompat-v7:26.0.0-alpha1] AndroidManifest.xml:21:5-23:78
MERGED from [com.android.support.constraint:constraint-layout:1.0.2] AndroidManifest.xml:5:5-7:41
MERGED from [com.android.support.constraint:constraint-layout:1.0.2] AndroidManifest.xml:5:5-7:41
MERGED from [com.android.support:animated-vector-drawable:26.0.0-alpha1] AndroidManifest.xml:20:5-44
MERGED from [com.android.support:animated-vector-drawable:26.0.0-alpha1] AndroidManifest.xml:20:5-44
MERGED from [com.android.support:support-vector-drawable:26.0.0-alpha1] AndroidManifest.xml:20:5-44
MERGED from [com.android.support:support-vector-drawable:26.0.0-alpha1] AndroidManifest.xml:20:5-44
MERGED from [com.google.android.gms:play-services-gcm:10.2.0] AndroidManifest.xml:17:5-43
MERGED from [com.google.android.gms:play-services-gcm:10.2.0] AndroidManifest.xml:17:5-43
MERGED from [com.google.android.gms:play-services-iid:10.2.0] AndroidManifest.xml:17:5-43
MERGED from [com.google.android.gms:play-services-iid:10.2.0] AndroidManifest.xml:17:5-43
MERGED from [com.google.android.gms:play-services-base:10.2.0] AndroidManifest.xml:17:5-43
MERGED from [com.google.android.gms:play-services-base:10.2.0] AndroidManifest.xml:17:5-43
MERGED from [com.google.android.gms:play-services-tasks:10.2.0] AndroidManifest.xml:3:5-43
MERGED from [com.google.android.gms:play-services-tasks:10.2.0] AndroidManifest.xml:3:5-43
MERGED from [com.google.android.gms:play-services-basement:10.2.0] AndroidManifest.xml:17:5-43
MERGED from [com.google.android.gms:play-services-basement:10.2.0] AndroidManifest.xml:17:5-43
MERGED from [com.android.support:support-v4:26.0.0-alpha1] AndroidManifest.xml:21:5-23:54
MERGED from [com.android.support:support-v4:26.0.0-alpha1] AndroidManifest.xml:21:5-23:54
MERGED from [com.android.support:support-media-compat:26.0.0-alpha1] AndroidManifest.xml:21:5-23:63
MERGED from [com.android.support:support-media-compat:26.0.0-alpha1] AndroidManifest.xml:21:5-23:63
MERGED from [com.android.support:support-fragment:26.0.0-alpha1] AndroidManifest.xml:21:5-23:60
MERGED from [com.android.support:support-fragment:26.0.0-alpha1] AndroidManifest.xml:21:5-23:60
MERGED from [com.android.support:support-core-utils:26.0.0-alpha1] AndroidManifest.xml:21:5-23:61
MERGED from [com.android.support:support-core-utils:26.0.0-alpha1] AndroidManifest.xml:21:5-23:61
MERGED from [com.android.support:support-core-ui:26.0.0-alpha1] AndroidManifest.xml:21:5-23:58
MERGED from [com.android.support:support-core-ui:26.0.0-alpha1] AndroidManifest.xml:21:5-23:58
MERGED from [com.android.support:support-compat:26.0.0-alpha1] AndroidManifest.xml:21:5-23:58
MERGED from [com.android.support:support-compat:26.0.0-alpha1] AndroidManifest.xml:21:5-23:58
MERGED from [net.zetetic:android-database-sqlcipher:3.5.7] AndroidManifest.xml:3:3-40
MERGED from [net.zetetic:android-database-sqlcipher:3.5.7] AndroidManifest.xml:3:3-40
	tools:overrideLibrary
		ADDED from [com.android.support:appcompat-v7:26.0.0-alpha1] AndroidManifest.xml:23:9-75
	android:targetSdkVersion
		ADDED from Group6_BlueMobQuiz\app\AndroidManifest.xml:10:9-38
	android:minSdkVersion
		ADDED from Group6_BlueMobQuiz\app\AndroidManifest.xml:9:9-35
permission#com.mc.grp6.bluemobquiz.C2D_MESSAGE
ADDED from Group6_BlueMobQuiz\app\AndroidManifest.xml:17:5-19:47
	android:protectionLevel
		ADDED from Group6_BlueMobQuiz\app\AndroidManifest.xml:19:9-44
	android:name
		ADDED from Group6_BlueMobQuiz\app\AndroidManifest.xml:18:9-59
uses-permission#com.mc.grp6.bluemobquiz.C2D_MESSAGE
ADDED from Group6_BlueMobQuiz\app\AndroidManifest.xml:21:5-75
	android:name
		ADDED from Group6_BlueMobQuiz\app\AndroidManifest.xml:21:22-72
uses-permission#android.permission.WRITE_EXTERNAL_STORAGE
ADDED from Group6_BlueMobQuiz\app\AndroidManifest.xml:22:5-81
	android:name
		ADDED from Group6_BlueMobQuiz\app\AndroidManifest.xml:22:22-78
uses-permission#android.permission.READ_PHONE_STATE
ADDED from Group6_BlueMobQuiz\app\AndroidManifest.xml:23:5-75
	android:name
		ADDED from Group6_BlueMobQuiz\app\AndroidManifest.xml:23:22-72
uses-permission#android.permission.READ_EXTERNAL_STORAGE
ADDED from Group6_BlueMobQuiz\app\AndroidManifest.xml:24:5-80
	android:name
		ADDED from Group6_BlueMobQuiz\app\AndroidManifest.xml:24:22-77
uses-permission#android.permission.BLUETOOTH
ADDED from Group6_BlueMobQuiz\app\AndroidManifest.xml:25:5-68
	android:name
		ADDED from Group6_BlueMobQuiz\app\AndroidManifest.xml:25:22-65
uses-permission#android.permission.BLUETOOTH_ADMIN
ADDED from Group6_BlueMobQuiz\app\AndroidManifest.xml:26:5-74
	android:name
		ADDED from Group6_BlueMobQuiz\app\AndroidManifest.xml:26:22-71
uses-permission#android.permission.ACCESS_COARSE_LOCATION
ADDED from Group6_BlueMobQuiz\app\AndroidManifest.xml:27:5-81
	android:name
		ADDED from Group6_BlueMobQuiz\app\AndroidManifest.xml:27:22-78
uses-permission#android.permission.INTERNET
ADDED from Group6_BlueMobQuiz\app\AndroidManifest.xml:28:5-67
MERGED from [:libs:SalesforceAnalytics] AndroidManifest.xml:11:5-67
MERGED from [:libs:SalesforceAnalytics] AndroidManifest.xml:11:5-67
MERGED from [com.google.android.gms:play-services-gcm:10.2.0] AndroidManifest.xml:21:5-66
MERGED from [com.google.android.gms:play-services-gcm:10.2.0] AndroidManifest.xml:21:5-66
MERGED from [com.google.android.gms:play-services-iid:10.2.0] AndroidManifest.xml:21:5-66
MERGED from [com.google.android.gms:play-services-iid:10.2.0] AndroidManifest.xml:21:5-66
	android:name
		ADDED from Group6_BlueMobQuiz\app\AndroidManifest.xml:28:22-64
uses-permission-sdk-23#android.permission.BLUETOOTH
ADDED from Group6_BlueMobQuiz\app\AndroidManifest.xml:29:5-74
	android:name
		ADDED from Group6_BlueMobQuiz\app\AndroidManifest.xml:29:29-72
application
ADDED from Group6_BlueMobQuiz\app\AndroidManifest.xml:30:5-58:19
MERGED from [:libs:SmartSync] AndroidManifest.xml:11:5-20
MERGED from [:libs:SmartSync] AndroidManifest.xml:11:5-20
MERGED from [:libs:SmartStore] AndroidManifest.xml:11:5-15:19
MERGED from [:libs:SmartStore] AndroidManifest.xml:11:5-15:19
MERGED from [:libs:SalesforceSDK] AndroidManifest.xml:21:5-115:19
MERGED from [:libs:SalesforceSDK] AndroidManifest.xml:21:5-115:19
MERGED from [:libs:SalesforceAnalytics] AndroidManifest.xml:14:5-20
MERGED from [:libs:SalesforceAnalytics] AndroidManifest.xml:14:5-20
MERGED from [com.android.support:appcompat-v7:26.0.0-alpha1] AndroidManifest.xml:29:5-20
MERGED from [com.android.support:appcompat-v7:26.0.0-alpha1] AndroidManifest.xml:29:5-20
MERGED from [com.android.support.constraint:constraint-layout:1.0.2] AndroidManifest.xml:9:5-20
MERGED from [com.android.support.constraint:constraint-layout:1.0.2] AndroidManifest.xml:9:5-20
MERGED from [com.android.support:animated-vector-drawable:26.0.0-alpha1] AndroidManifest.xml:26:5-20
MERGED from [com.android.support:animated-vector-drawable:26.0.0-alpha1] AndroidManifest.xml:26:5-20
MERGED from [com.android.support:support-vector-drawable:26.0.0-alpha1] AndroidManifest.xml:26:5-20
MERGED from [com.android.support:support-vector-drawable:26.0.0-alpha1] AndroidManifest.xml:26:5-20
MERGED from [com.google.android.gms:play-services-gcm:10.2.0] AndroidManifest.xml:23:5-19
MERGED from [com.google.android.gms:play-services-gcm:10.2.0] AndroidManifest.xml:23:5-19
MERGED from [com.google.android.gms:play-services-iid:10.2.0] AndroidManifest.xml:23:5-19
MERGED from [com.google.android.gms:play-services-iid:10.2.0] AndroidManifest.xml:23:5-19
MERGED from [com.google.android.gms:play-services-base:10.2.0] AndroidManifest.xml:18:5-20:19
MERGED from [com.google.android.gms:play-services-base:10.2.0] AndroidManifest.xml:18:5-20:19
MERGED from [com.google.android.gms:play-services-tasks:10.2.0] AndroidManifest.xml:4:5-19
MERGED from [com.google.android.gms:play-services-tasks:10.2.0] AndroidManifest.xml:4:5-19
MERGED from [com.google.android.gms:play-services-basement:10.2.0] AndroidManifest.xml:19:5-21:19
MERGED from [com.google.android.gms:play-services-basement:10.2.0] AndroidManifest.xml:19:5-21:19
MERGED from [com.android.support:support-v4:26.0.0-alpha1] AndroidManifest.xml:29:5-20
MERGED from [com.android.support:support-v4:26.0.0-alpha1] AndroidManifest.xml:29:5-20
MERGED from [com.android.support:support-media-compat:26.0.0-alpha1] AndroidManifest.xml:29:5-20
MERGED from [com.android.support:support-media-compat:26.0.0-alpha1] AndroidManifest.xml:29:5-20
MERGED from [com.android.support:support-fragment:26.0.0-alpha1] AndroidManifest.xml:29:5-20
MERGED from [com.android.support:support-fragment:26.0.0-alpha1] AndroidManifest.xml:29:5-20
MERGED from [com.android.support:support-core-utils:26.0.0-alpha1] AndroidManifest.xml:29:5-20
MERGED from [com.android.support:support-core-utils:26.0.0-alpha1] AndroidManifest.xml:29:5-20
MERGED from [com.android.support:support-core-ui:26.0.0-alpha1] AndroidManifest.xml:29:5-20
MERGED from [com.android.support:support-core-ui:26.0.0-alpha1] AndroidManifest.xml:29:5-20
MERGED from [com.android.support:support-compat:26.0.0-alpha1] AndroidManifest.xml:29:5-20
MERGED from [com.android.support:support-compat:26.0.0-alpha1] AndroidManifest.xml:29:5-20
	android:label
		ADDED from Group6_BlueMobQuiz\app\AndroidManifest.xml:33:9-41
	android:manageSpaceActivity
		ADDED from Group6_BlueMobQuiz\app\AndroidManifest.xml:34:9-87
	android:icon
		ADDED from Group6_BlueMobQuiz\app\AndroidManifest.xml:32:9-42
	android:name
		ADDED from Group6_BlueMobQuiz\app\AndroidManifest.xml:31:9-40
activity#com.mc.grp6.bluemobquiz.MainActivity
ADDED from Group6_BlueMobQuiz\app\AndroidManifest.xml:37:9-46:20
	android:label
		ADDED from Group6_BlueMobQuiz\app\AndroidManifest.xml:39:13-45
	android:theme
		ADDED from Group6_BlueMobQuiz\app\AndroidManifest.xml:40:13-71
	android:name
		ADDED from Group6_BlueMobQuiz\app\AndroidManifest.xml:38:13-41
intent-filter#android.intent.action.MAIN+android.intent.category.LAUNCHER
ADDED from Group6_BlueMobQuiz\app\AndroidManifest.xml:41:13-45:29
action#android.intent.action.MAIN
ADDED from Group6_BlueMobQuiz\app\AndroidManifest.xml:42:17-69
	android:name
		ADDED from Group6_BlueMobQuiz\app\AndroidManifest.xml:42:25-66
category#android.intent.category.LAUNCHER
ADDED from Group6_BlueMobQuiz\app\AndroidManifest.xml:44:17-77
	android:name
		ADDED from Group6_BlueMobQuiz\app\AndroidManifest.xml:44:27-74
activity#com.mc.grp6.bluemobquiz.RegistrationPage
ADDED from Group6_BlueMobQuiz\app\AndroidManifest.xml:47:9-48:48
	android:name
		ADDED from Group6_BlueMobQuiz\app\AndroidManifest.xml:48:13-45
activity#com.mc.grp6.bluemobquiz.LoginPage
ADDED from Group6_BlueMobQuiz\app\AndroidManifest.xml:49:9-47
	android:name
		ADDED from Group6_BlueMobQuiz\app\AndroidManifest.xml:49:19-44
activity#com.mc.grp6.bluemobquiz.ProfessorAttendance
ADDED from Group6_BlueMobQuiz\app\AndroidManifest.xml:50:9-57
	android:name
		ADDED from Group6_BlueMobQuiz\app\AndroidManifest.xml:50:19-54
activity#com.mc.grp6.bluemobquiz.ProfessorCreatingQuiz
ADDED from Group6_BlueMobQuiz\app\AndroidManifest.xml:51:9-59
	android:name
		ADDED from Group6_BlueMobQuiz\app\AndroidManifest.xml:51:19-56
activity#com.mc.grp6.bluemobquiz.ProfessorHome
ADDED from Group6_BlueMobQuiz\app\AndroidManifest.xml:52:9-51
	android:name
		ADDED from Group6_BlueMobQuiz\app\AndroidManifest.xml:52:19-48
activity#com.mc.grp6.bluemobquiz.ProfessorQuizAttendance
ADDED from Group6_BlueMobQuiz\app\AndroidManifest.xml:53:9-61
	android:name
		ADDED from Group6_BlueMobQuiz\app\AndroidManifest.xml:53:19-58
activity#com.mc.grp6.bluemobquiz.StudentHome
ADDED from Group6_BlueMobQuiz\app\AndroidManifest.xml:54:9-49
	android:name
		ADDED from Group6_BlueMobQuiz\app\AndroidManifest.xml:54:19-46
activity#com.mc.grp6.bluemobquiz.StudentAttemptingQuiz
ADDED from Group6_BlueMobQuiz\app\AndroidManifest.xml:55:9-59
	android:name
		ADDED from Group6_BlueMobQuiz\app\AndroidManifest.xml:55:19-56
activity#com.mc.grp6.bluemobquiz.StudentAvailableQuiz
ADDED from Group6_BlueMobQuiz\app\AndroidManifest.xml:56:9-58
	android:name
		ADDED from Group6_BlueMobQuiz\app\AndroidManifest.xml:56:19-55
activity#com.mc.grp6.bluemobquiz.Home
ADDED from Group6_BlueMobQuiz\app\AndroidManifest.xml:57:9-51
	android:name
<<<<<<< HEAD
		ADDED from Group6_BlueMobQuiz\app\AndroidManifest.xml:57:19-39
activity#com.salesforce.androidsdk.smartstore.ui.SmartStoreInspectorActivity
ADDED from [:libs:SmartStore] AndroidManifest.xml:14:9-104
	android:name
		ADDED from [:libs:SmartStore] AndroidManifest.xml:14:19-101
uses-permission#android.permission.AUTHENTICATE_ACCOUNTS
ADDED from [:libs:SalesforceSDK] AndroidManifest.xml:11:5-80
	android:name
		ADDED from [:libs:SalesforceSDK] AndroidManifest.xml:11:22-77
uses-permission#android.permission.GET_ACCOUNTS
ADDED from [:libs:SalesforceSDK] AndroidManifest.xml:12:5-71
	android:name
		ADDED from [:libs:SalesforceSDK] AndroidManifest.xml:12:22-68
uses-permission#android.permission.MANAGE_ACCOUNTS
ADDED from [:libs:SalesforceSDK] AndroidManifest.xml:13:5-74
	android:name
		ADDED from [:libs:SalesforceSDK] AndroidManifest.xml:13:22-71
uses-permission#android.permission.USE_CREDENTIALS
ADDED from [:libs:SalesforceSDK] AndroidManifest.xml:14:5-74
	android:name
		ADDED from [:libs:SalesforceSDK] AndroidManifest.xml:14:22-71
uses-permission#android.permission.WAKE_LOCK
ADDED from [:libs:SalesforceSDK] AndroidManifest.xml:15:5-68
	android:name
		ADDED from [:libs:SalesforceSDK] AndroidManifest.xml:15:22-65
uses-permission#com.google.android.c2dm.permission.RECEIVE
ADDED from [:libs:SalesforceSDK] AndroidManifest.xml:16:5-82
MERGED from [com.google.android.gms:play-services-gcm:10.2.0] AndroidManifest.xml:20:5-81
MERGED from [com.google.android.gms:play-services-gcm:10.2.0] AndroidManifest.xml:20:5-81
MERGED from [com.google.android.gms:play-services-iid:10.2.0] AndroidManifest.xml:20:5-81
MERGED from [com.google.android.gms:play-services-iid:10.2.0] AndroidManifest.xml:20:5-81
	android:name
		ADDED from [:libs:SalesforceSDK] AndroidManifest.xml:16:22-79
uses-permission-sdk-23#android.permission.USE_FINGERPRINT
ADDED from [:libs:SalesforceSDK] AndroidManifest.xml:19:5-81
	android:name
		ADDED from [:libs:SalesforceSDK] AndroidManifest.xml:19:29-78
meta-data#android.content.APP_RESTRICTIONS
ADDED from [:libs:SalesforceSDK] AndroidManifest.xml:24:9-26:56
	android:resource
		ADDED from [:libs:SalesforceSDK] AndroidManifest.xml:26:13-53
	android:name
		ADDED from [:libs:SalesforceSDK] AndroidManifest.xml:25:13-60
service#com.salesforce.androidsdk.auth.AuthenticatorService
ADDED from [:libs:SalesforceSDK] AndroidManifest.xml:29:9-39:19
	android:exported
		ADDED from [:libs:SalesforceSDK] AndroidManifest.xml:31:13-36
	android:name
		ADDED from [:libs:SalesforceSDK] AndroidManifest.xml:30:13-79
intent-filter#android.accounts.AccountAuthenticator
ADDED from [:libs:SalesforceSDK] AndroidManifest.xml:32:13-34:29
action#android.accounts.AccountAuthenticator
ADDED from [:libs:SalesforceSDK] AndroidManifest.xml:33:17-80
	android:name
		ADDED from [:libs:SalesforceSDK] AndroidManifest.xml:33:25-77
meta-data#android.accounts.AccountAuthenticator
ADDED from [:libs:SalesforceSDK] AndroidManifest.xml:36:13-38:57
	android:resource
		ADDED from [:libs:SalesforceSDK] AndroidManifest.xml:38:17-54
	android:name
		ADDED from [:libs:SalesforceSDK] AndroidManifest.xml:37:17-69
activity#com.salesforce.androidsdk.ui.LoginActivity
ADDED from [:libs:SalesforceSDK] AndroidManifest.xml:42:9-44:67
	android:theme
		ADDED from [:libs:SalesforceSDK] AndroidManifest.xml:44:13-64
	android:name
		ADDED from [:libs:SalesforceSDK] AndroidManifest.xml:43:13-70
activity#com.salesforce.androidsdk.ui.PasscodeActivity
ADDED from [:libs:SalesforceSDK] AndroidManifest.xml:47:9-50:67
	android:exported
		ADDED from [:libs:SalesforceSDK] AndroidManifest.xml:49:13-37
	android:theme
		ADDED from [:libs:SalesforceSDK] AndroidManifest.xml:50:13-64
	android:name
		ADDED from [:libs:SalesforceSDK] AndroidManifest.xml:48:13-73
activity#com.salesforce.androidsdk.ui.ManageSpaceActivity
ADDED from [:libs:SalesforceSDK] AndroidManifest.xml:53:9-56:67
	android:excludeFromRecents
		ADDED from [:libs:SalesforceSDK] AndroidManifest.xml:55:13-46
	android:theme
		ADDED from [:libs:SalesforceSDK] AndroidManifest.xml:56:13-64
	android:name
		ADDED from [:libs:SalesforceSDK] AndroidManifest.xml:54:13-76
activity#com.salesforce.androidsdk.ui.ServerPickerActivity
ADDED from [:libs:SalesforceSDK] AndroidManifest.xml:59:9-62:67
	android:excludeFromRecents
		ADDED from [:libs:SalesforceSDK] AndroidManifest.xml:61:13-46
	android:theme
		ADDED from [:libs:SalesforceSDK] AndroidManifest.xml:62:13-64
	android:name
		ADDED from [:libs:SalesforceSDK] AndroidManifest.xml:60:13-77
activity#com.salesforce.androidsdk.ui.AccountSwitcherActivity
ADDED from [:libs:SalesforceSDK] AndroidManifest.xml:65:9-68:67
	android:excludeFromRecents
		ADDED from [:libs:SalesforceSDK] AndroidManifest.xml:67:13-46
	android:theme
		ADDED from [:libs:SalesforceSDK] AndroidManifest.xml:68:13-64
	android:name
		ADDED from [:libs:SalesforceSDK] AndroidManifest.xml:66:13-80
receiver#com.google.android.gms.gcm.GcmReceiver
ADDED from [:libs:SalesforceSDK] AndroidManifest.xml:75:9-84:20
	android:exported
		ADDED from [:libs:SalesforceSDK] AndroidManifest.xml:77:13-36
	android:permission
		ADDED from [:libs:SalesforceSDK] AndroidManifest.xml:78:13-73
	android:name
		ADDED from [:libs:SalesforceSDK] AndroidManifest.xml:76:13-66
intent-filter#${applicationId}+com.google.android.c2dm.intent.RECEIVE
ADDED from [:libs:SalesforceSDK] AndroidManifest.xml:79:13-83:29
intent-filter#com.google.android.c2dm.intent.RECEIVE+com.mc.grp6.bluemobquiz
ADDED from [:libs:SalesforceSDK] AndroidManifest.xml:79:13-83:29
action#com.google.android.c2dm.intent.RECEIVE
ADDED from [:libs:SalesforceSDK] AndroidManifest.xml:80:17-81
	android:name
		ADDED from [:libs:SalesforceSDK] AndroidManifest.xml:80:25-78
category#${applicationId}
ADDED from [:libs:SalesforceSDK] AndroidManifest.xml:82:17-61
	android:name
		ADDED from [:libs:SalesforceSDK] AndroidManifest.xml:82:27-58
category#com.mc.grp6.bluemobquiz
ADDED from [:libs:SalesforceSDK] AndroidManifest.xml:82:17-61
	android:name
		ADDED from [:libs:SalesforceSDK] AndroidManifest.xml:82:27-58
service#com.salesforce.androidsdk.push.SFDCGcmListenerService
ADDED from [:libs:SalesforceSDK] AndroidManifest.xml:86:9-92:19
	android:exported
		ADDED from [:libs:SalesforceSDK] AndroidManifest.xml:88:13-37
	android:name
		ADDED from [:libs:SalesforceSDK] AndroidManifest.xml:87:13-81
intent-filter#com.google.android.c2dm.intent.RECEIVE
ADDED from [:libs:SalesforceSDK] AndroidManifest.xml:89:13-91:29
service#com.salesforce.androidsdk.push.SFDCInstanceIDListenerService
ADDED from [:libs:SalesforceSDK] AndroidManifest.xml:93:9-99:19
	android:exported
		ADDED from [:libs:SalesforceSDK] AndroidManifest.xml:95:13-37
	android:name
		ADDED from [:libs:SalesforceSDK] AndroidManifest.xml:94:13-88
intent-filter#com.google.android.gms.iid.InstanceID
ADDED from [:libs:SalesforceSDK] AndroidManifest.xml:96:13-98:29
action#com.google.android.gms.iid.InstanceID
ADDED from [:libs:SalesforceSDK] AndroidManifest.xml:97:17-80
	android:name
		ADDED from [:libs:SalesforceSDK] AndroidManifest.xml:97:25-77
service#com.salesforce.androidsdk.push.SFDCRegistrationIntentService
ADDED from [:libs:SalesforceSDK] AndroidManifest.xml:100:9-103:19
	android:exported
		ADDED from [:libs:SalesforceSDK] AndroidManifest.xml:102:13-37
	android:name
		ADDED from [:libs:SalesforceSDK] AndroidManifest.xml:101:13-88
receiver#com.salesforce.androidsdk.push.PushService$SFDCRegistrationRetryAlarmReceiver
ADDED from [:libs:SalesforceSDK] AndroidManifest.xml:105:9-107:40
	android:exported
		ADDED from [:libs:SalesforceSDK] AndroidManifest.xml:107:13-37
	android:name
		ADDED from [:libs:SalesforceSDK] AndroidManifest.xml:106:13-105
service#com.salesforce.androidsdk.push.PushService
ADDED from [:libs:SalesforceSDK] AndroidManifest.xml:109:9-111:40
	android:exported
		ADDED from [:libs:SalesforceSDK] AndroidManifest.xml:111:13-37
	android:name
		ADDED from [:libs:SalesforceSDK] AndroidManifest.xml:110:13-70
service#com.salesforce.androidsdk.analytics.AnalyticsPublisherService
ADDED from [:libs:SalesforceSDK] AndroidManifest.xml:112:9-114:40
	android:exported
		ADDED from [:libs:SalesforceSDK] AndroidManifest.xml:114:13-37
	android:name
		ADDED from [:libs:SalesforceSDK] AndroidManifest.xml:113:13-89
uses-permission#android.permission.ACCESS_NETWORK_STATE
ADDED from [:libs:SalesforceAnalytics] AndroidManifest.xml:12:5-79
	android:name
		ADDED from [:libs:SalesforceAnalytics] AndroidManifest.xml:12:22-76
meta-data#android.support.VERSION
ADDED from [com.android.support:appcompat-v7:26.0.0-alpha1] AndroidManifest.xml:25:5-27:41
MERGED from [com.android.support:animated-vector-drawable:26.0.0-alpha1] AndroidManifest.xml:22:5-24:41
MERGED from [com.android.support:animated-vector-drawable:26.0.0-alpha1] AndroidManifest.xml:22:5-24:41
MERGED from [com.android.support:support-vector-drawable:26.0.0-alpha1] AndroidManifest.xml:22:5-24:41
MERGED from [com.android.support:support-vector-drawable:26.0.0-alpha1] AndroidManifest.xml:22:5-24:41
MERGED from [com.android.support:support-v4:26.0.0-alpha1] AndroidManifest.xml:25:5-27:41
MERGED from [com.android.support:support-v4:26.0.0-alpha1] AndroidManifest.xml:25:5-27:41
MERGED from [com.android.support:support-media-compat:26.0.0-alpha1] AndroidManifest.xml:25:5-27:41
MERGED from [com.android.support:support-media-compat:26.0.0-alpha1] AndroidManifest.xml:25:5-27:41
MERGED from [com.android.support:support-fragment:26.0.0-alpha1] AndroidManifest.xml:25:5-27:41
MERGED from [com.android.support:support-fragment:26.0.0-alpha1] AndroidManifest.xml:25:5-27:41
MERGED from [com.android.support:support-core-utils:26.0.0-alpha1] AndroidManifest.xml:25:5-27:41
MERGED from [com.android.support:support-core-utils:26.0.0-alpha1] AndroidManifest.xml:25:5-27:41
MERGED from [com.android.support:support-core-ui:26.0.0-alpha1] AndroidManifest.xml:25:5-27:41
MERGED from [com.android.support:support-core-ui:26.0.0-alpha1] AndroidManifest.xml:25:5-27:41
MERGED from [com.android.support:support-compat:26.0.0-alpha1] AndroidManifest.xml:25:5-27:41
MERGED from [com.android.support:support-compat:26.0.0-alpha1] AndroidManifest.xml:25:5-27:41
	android:value
		ADDED from [com.android.support:appcompat-v7:26.0.0-alpha1] AndroidManifest.xml:27:9-38
	android:name
		ADDED from [com.android.support:appcompat-v7:26.0.0-alpha1] AndroidManifest.xml:26:9-47
activity#com.google.android.gms.common.api.GoogleApiActivity
ADDED from [com.google.android.gms:play-services-base:10.2.0] AndroidManifest.xml:19:9-172
	android:exported
		ADDED from [com.google.android.gms:play-services-base:10.2.0] AndroidManifest.xml:19:146-170
	android:theme
		ADDED from [com.google.android.gms:play-services-base:10.2.0] AndroidManifest.xml:19:86-145
	android:name
		ADDED from [com.google.android.gms:play-services-base:10.2.0] AndroidManifest.xml:19:19-85
meta-data#com.google.android.gms.version
ADDED from [com.google.android.gms:play-services-basement:10.2.0] AndroidManifest.xml:20:9-121
	android:value
		ADDED from [com.google.android.gms:play-services-basement:10.2.0] AndroidManifest.xml:20:66-119
	android:name
		ADDED from [com.google.android.gms:play-services-basement:10.2.0] AndroidManifest.xml:20:20-65
=======
		ADDED from BlueMobQuiz\app\AndroidManifest.xml:57:19-39
meta-data#android.support.VERSION
ADDED from [com.android.support:appcompat-v7:26.0.0-alpha1] AndroidManifest.xml:25:5-27:41
MERGED from [com.android.support:animated-vector-drawable:26.0.0-alpha1] AndroidManifest.xml:22:5-24:41
MERGED from [com.android.support:animated-vector-drawable:26.0.0-alpha1] AndroidManifest.xml:22:5-24:41
MERGED from [com.android.support:support-vector-drawable:26.0.0-alpha1] AndroidManifest.xml:22:5-24:41
MERGED from [com.android.support:support-vector-drawable:26.0.0-alpha1] AndroidManifest.xml:22:5-24:41
MERGED from [com.android.support:support-v4:26.0.0-alpha1] AndroidManifest.xml:25:5-27:41
MERGED from [com.android.support:support-v4:26.0.0-alpha1] AndroidManifest.xml:25:5-27:41
MERGED from [com.android.support:support-media-compat:26.0.0-alpha1] AndroidManifest.xml:25:5-27:41
MERGED from [com.android.support:support-media-compat:26.0.0-alpha1] AndroidManifest.xml:25:5-27:41
MERGED from [com.android.support:support-fragment:26.0.0-alpha1] AndroidManifest.xml:25:5-27:41